# JRE version: OpenJDK Runtime Environment (11.0.10) (build 11.0.10+0-b96-7249189)
# Java VM: OpenJDK 64-Bit Server VM (11.0.10+0-b96-7249189, mixed mode, tiered, compressed oops, g1 gc, windows-amd64)
Heap:
 garbage-first heap   total 137216K, used 100177K [0x00000000a5200000, 0x0000000100000000)
  region size 1024K, 41 young (41984K), 5 survivors (5120K)
 Metaspace       used 87974K, capacity 88942K, committed 89176K, reserved 1128448K
  class space    used 9454K, capacity 9831K, committed 9856K, reserved 1048576K
GC Heap History (20 events):
Event: 36.480 GC heap before
{Heap before GC invocations=7 (full 0):
 garbage-first heap   total 94208K, used 63908K [0x00000000a5200000, 0x0000000100000000)
  region size 1024K, 42 young (43008K), 5 survivors (5120K)
 Metaspace       used 52880K, capacity 53530K, committed 53760K, reserved 1095680K
  class space    used 6324K, capacity 6605K, committed 6656K, reserved 1048576K
}
Event: 36.542 GC heap after
{Heap after GC invocations=8 (full 0):
 garbage-first heap   total 94208K, used 28348K [0x00000000a5200000, 0x0000000100000000)
  region size 1024K, 6 young (6144K), 6 survivors (6144K)
 Metaspace       used 52880K, capacity 53530K, committed 53760K, reserved 1095680K
  class space    used 6324K, capacity 6605K, committed 6656K, reserved 1048576K
}
Event: 39.138 GC heap before
{Heap before GC invocations=8 (full 0):
 garbage-first heap   total 94208K, used 66236K [0x00000000a5200000, 0x0000000100000000)
  region size 1024K, 43 young (44032K), 6 survivors (6144K)
 Metaspace       used 55410K, capacity 56153K, committed 56320K, reserved 1099776K
  class space    used 6595K, capacity 6902K, committed 6912K, reserved 1048576K
}
Event: 39.213 GC heap after
{Heap after GC invocations=9 (full 0):
 garbage-first heap   total 113664K, used 32558K [0x00000000a5200000, 0x0000000100000000)
  region size 1024K, 4 young (4096K), 4 survivors (4096K)
 Metaspace       used 55410K, capacity 56153K, committed 56320K, reserved 1099776K
  class space    used 6595K, capacity 6902K, committed 6912K, reserved 1048576K
}
Event: 45.193 GC heap before
{Heap before GC invocations=9 (full 0):
 garbage-first heap   total 113664K, used 60206K [0x00000000a5200000, 0x0000000100000000)
  region size 1024K, 32 young (32768K), 4 survivors (4096K)
 Metaspace       used 58917K, capacity 59655K, committed 59736K, reserved 1101824K
  class space    used 6937K, capacity 7250K, committed 7296K, reserved 1048576K
}
Event: 45.260 GC heap after
{Heap after GC invocations=10 (full 0):
 garbage-first heap   total 113664K, used 36155K [0x00000000a5200000, 0x0000000100000000)
  region size 1024K, 4 young (4096K), 4 survivors (4096K)
 Metaspace       used 58917K, capacity 59655K, committed 59736K, reserved 1101824K
  class space    used 6937K, capacity 7250K, committed 7296K, reserved 1048576K
}
Event: 55.261 GC heap before
{Heap before GC invocations=11 (full 0):
 garbage-first heap   total 113664K, used 77115K [0x00000000a5200000, 0x0000000100000000)
  region size 1024K, 44 young (45056K), 4 survivors (4096K)
 Metaspace       used 59690K, capacity 60465K, committed 60504K, reserved 1101824K
  class space    used 6968K, capacity 7285K, committed 7296K, reserved 1048576K
}
Event: 55.415 GC heap after
{Heap after GC invocations=12 (full 0):
 garbage-first heap   total 113664K, used 43403K [0x00000000a5200000, 0x0000000100000000)
  region size 1024K, 6 young (6144K), 6 survivors (6144K)
 Metaspace       used 59690K, capacity 60465K, committed 60504K, reserved 1101824K
  class space    used 6968K, capacity 7285K, committed 7296K, reserved 1048576K
}
Event: 62.183 GC heap before
{Heap before GC invocations=12 (full 0):
 garbage-first heap   total 113664K, used 81291K [0x00000000a5200000, 0x0000000100000000)
  region size 1024K, 43 young (44032K), 6 survivors (6144K)
 Metaspace       used 63216K, capacity 64005K, committed 64216K, reserved 1105920K
  class space    used 7316K, capacity 7649K, committed 7680K, reserved 1048576K
}
Event: 62.279 GC heap after
{Heap after GC invocations=13 (full 0):
 garbage-first heap   total 113664K, used 47963K [0x00000000a5200000, 0x0000000100000000)
  region size 1024K, 4 young (4096K), 4 survivors (4096K)
 Metaspace       used 63216K, capacity 64005K, committed 64216K, reserved 1105920K
  class space    used 7316K, capacity 7649K, committed 7680K, reserved 1048576K
}
Event: 73.208 GC heap before
{Heap before GC invocations=13 (full 0):
 garbage-first heap   total 113664K, used 84827K [0x00000000a5200000, 0x0000000100000000)
  region size 1024K, 40 young (40960K), 4 survivors (4096K)
 Metaspace       used 65988K, capacity 66876K, committed 66904K, reserved 1107968K
  class space    used 7451K, capacity 7806K, committed 7808K, reserved 1048576K
}
Event: 73.302 GC heap after
{Heap after GC invocations=14 (full 0):
 garbage-first heap   total 137216K, used 51712K [0x00000000a5200000, 0x0000000100000000)
  region size 1024K, 4 young (4096K), 4 survivors (4096K)
 Metaspace       used 65988K, capacity 66876K, committed 66904K, reserved 1107968K
  class space    used 7451K, capacity 7806K, committed 7808K, reserved 1048576K
}
Event: 83.520 GC heap before
{Heap before GC invocations=14 (full 0):
 garbage-first heap   total 137216K, used 95744K [0x00000000a5200000, 0x0000000100000000)
  region size 1024K, 47 young (48128K), 4 survivors (4096K)
 Metaspace       used 73716K, capacity 74601K, committed 74840K, reserved 1116160K
  class space    used 8217K, capacity 8571K, committed 8576K, reserved 1048576K
}
Event: 83.573 GC heap after
{Heap after GC invocations=15 (full 0):
 garbage-first heap   total 137216K, used 54609K [0x00000000a5200000, 0x0000000100000000)
  region size 1024K, 3 young (3072K), 3 survivors (3072K)
 Metaspace       used 73716K, capacity 74601K, committed 74840K, reserved 1116160K
  class space    used 8217K, capacity 8571K, committed 8576K, reserved 1048576K
}
Event: 90.213 GC heap before
{Heap before GC invocations=15 (full 0):
 garbage-first heap   total 137216K, used 98641K [0x00000000a5200000, 0x0000000100000000)
  region size 1024K, 46 young (47104K), 3 survivors (3072K)
 Metaspace       used 76103K, capacity 76972K, committed 77144K, reserved 1118208K
  class space    used 8407K, capacity 8764K, committed 8832K, reserved 1048576K
}
Event: 90.273 GC heap after
{Heap after GC invocations=16 (full 0):
 garbage-first heap   total 137216K, used 59659K [0x00000000a5200000, 0x0000000100000000)
  region size 1024K, 6 young (6144K), 6 survivors (6144K)
 Metaspace       used 76103K, capacity 76972K, committed 77144K, reserved 1118208K
  class space    used 8407K, capacity 8764K, committed 8832K, reserved 1048576K
}
Event: 99.844 GC heap before
{Heap before GC invocations=16 (full 0):
 garbage-first heap   total 137216K, used 102667K [0x00000000a5200000, 0x0000000100000000)
  region size 1024K, 48 young (49152K), 6 survivors (6144K)
 Metaspace       used 81778K, capacity 82651K, committed 82904K, reserved 1122304K
  class space    used 9021K, capacity 9377K, committed 9472K, reserved 1048576K
}
Event: 99.911 GC heap after
{Heap after GC invocations=17 (full 0):
 garbage-first heap   total 137216K, used 63191K [0x00000000a5200000, 0x0000000100000000)
  region size 1024K, 4 young (4096K), 4 survivors (4096K)
 Metaspace       used 81778K, capacity 82651K, committed 82904K, reserved 1122304K
  class space    used 9021K, capacity 9377K, committed 9472K, reserved 1048576K
}
Event: 107.102 GC heap before
{Heap before GC invocations=17 (full 0):
 garbage-first heap   total 137216K, used 105175K [0x00000000a5200000, 0x0000000100000000)
  region size 1024K, 45 young (46080K), 4 survivors (4096K)
 Metaspace       used 84403K, capacity 85278K, committed 85336K, reserved 1124352K
  class space    used 9196K, capacity 9570K, committed 9600K, reserved 1048576K
}
Event: 107.118 GC heap after
{Heap after GC invocations=18 (full 0):
 garbage-first heap   total 137216K, used 64337K [0x00000000a5200000, 0x0000000100000000)
  region size 1024K, 5 young (5120K), 5 survivors (5120K)
 Metaspace       used 84403K, capacity 85278K, committed 85336K, reserved 1124352K
  class space    used 9196K, capacity 9570K, committed 9600K, reserved 1048576K
}

